<?xml version="1.0" encoding="UTF-8"?>
<!-- Generated by org.testng.reporters.JUnitReportReporter -->
<testsuite hostname="LAPTOP-PB0V5C68" failures="0" tests="1" name="com.practtest.tests.LoginTest" time="4.480" errors="0" timestamp="2023-09-08T17:33:58 IST" skipped="0">
  <testcase classname="com.practtest.tests.LoginTest" name="loginTest" time="4.480"/>
</testsuite> <!-- com.practtest.tests.LoginTest -->
