<?xml version="1.0" encoding="UTF-8"?>
<!-- Generated by org.testng.reporters.JUnitReportReporter -->
<testsuite hostname="LAPTOP-PB0V5C68" failures="0" tests="1" name="com.faccebook.tests.LoginTest" time="3.905" errors="0" timestamp="2023-09-08T17:27:41 IST" skipped="0">
  <testcase classname="com.faccebook.tests.LoginTest" name="loginTest" time="3.905"/>
</testsuite> <!-- com.faccebook.tests.LoginTest -->
